[0606/141810.505:ERROR:process_reader_win.cc(151)] SuspendThread: Access is denied. (0x5)
[0606/141810.506:ERROR:process_reader_win.cc(151)] SuspendThread: Access is denied. (0x5)
[0606/141810.506:ERROR:process_reader_win.cc(123)] NtOpenThread: {Access Denied} A process has requested access to an object, but has not been granted those access rights. (0xc0000022)
[0606/141810.507:ERROR:exception_snapshot_win.cc(98)] thread ID 17216 not found in process
[0606/141810.536:ERROR:process_reader_win.cc(151)] SuspendThread: Access is denied. (0x5)
[0606/141810.537:ERROR:process_reader_win.cc(151)] SuspendThread: Access is denied. (0x5)
[0606/141810.537:ERROR:process_reader_win.cc(123)] NtOpenThread: {Access Denied} A process has requested access to an object, but has not been granted those access rights. (0xc0000022)
[0606/141810.537:ERROR:exception_snapshot_win.cc(98)] thread ID 19972 not found in process
[0606/141810.563:ERROR:process_reader_win.cc(151)] SuspendThread: Access is denied. (0x5)
[0606/141810.564:ERROR:process_reader_win.cc(151)] SuspendThread: Access is denied. (0x5)
[0606/141810.564:ERROR:process_reader_win.cc(151)] SuspendThread: Access is denied. (0x5)
[0606/141810.564:ERROR:process_reader_win.cc(151)] SuspendThread: Access is denied. (0x5)
[0606/141810.564:ERROR:process_reader_win.cc(123)] NtOpenThread: {Access Denied} A process has requested access to an object, but has not been granted those access rights. (0xc0000022)
[0606/141810.564:ERROR:exception_snapshot_win.cc(98)] thread ID 7172 not found in process
[0606/141810.596:ERROR:process_reader_win.cc(151)] SuspendThread: Access is denied. (0x5)
[0606/141810.596:ERROR:process_reader_win.cc(151)] SuspendThread: Access is denied. (0x5)
[0606/141810.597:ERROR:process_reader_win.cc(151)] SuspendThread: Access is denied. (0x5)
[0606/141810.597:ERROR:process_reader_win.cc(151)] SuspendThread: Access is denied. (0x5)
[0606/141810.597:ERROR:process_reader_win.cc(151)] SuspendThread: Access is denied. (0x5)
[0606/141810.597:ERROR:process_reader_win.cc(123)] NtOpenThread: {Access Denied} A process has requested access to an object, but has not been granted those access rights. (0xc0000022)
[0606/141810.597:ERROR:exception_snapshot_win.cc(98)] thread ID 18932 not found in process
[0606/142140.918:ERROR:process_reader_win.cc(151)] SuspendThread: Access is denied. (0x5)
[0606/142140.921:ERROR:process_reader_win.cc(151)] SuspendThread: Access is denied. (0x5)
[0606/142140.921:ERROR:process_reader_win.cc(123)] NtOpenThread: {Access Denied} A process has requested access to an object, but has not been granted those access rights. (0xc0000022)
[0606/142140.922:ERROR:exception_snapshot_win.cc(98)] thread ID 21544 not found in process
[0606/142140.936:ERROR:process_reader_win.cc(151)] SuspendThread: Access is denied. (0x5)
[0606/142140.938:ERROR:process_reader_win.cc(151)] SuspendThread: Access is denied. (0x5)
[0606/142140.939:ERROR:process_reader_win.cc(151)] SuspendThread: Access is denied. (0x5)
[0606/142140.939:ERROR:process_reader_win.cc(151)] SuspendThread: Access is denied. (0x5)
[0606/142140.939:ERROR:process_reader_win.cc(151)] SuspendThread: Access is denied. (0x5)
[0606/142140.939:ERROR:process_reader_win.cc(151)] SuspendThread: Access is denied. (0x5)
[0606/142140.939:ERROR:process_reader_win.cc(151)] SuspendThread: Access is denied. (0x5)
[0606/142140.939:ERROR:process_reader_win.cc(151)] SuspendThread: Access is denied. (0x5)
[0606/142140.939:ERROR:process_reader_win.cc(151)] SuspendThread: Access is denied. (0x5)
[0606/142140.939:ERROR:process_reader_win.cc(151)] SuspendThread: Access is denied. (0x5)
[0606/142140.939:ERROR:process_reader_win.cc(151)] SuspendThread: Access is denied. (0x5)
[0606/142140.939:ERROR:process_reader_win.cc(151)] SuspendThread: Access is denied. (0x5)
[0606/142140.939:ERROR:process_reader_win.cc(151)] SuspendThread: Access is denied. (0x5)
[0606/142140.939:ERROR:process_reader_win.cc(151)] SuspendThread: Access is denied. (0x5)
[0606/142140.939:ERROR:process_reader_win.cc(123)] NtOpenThread: {Access Denied} A process has requested access to an object, but has not been granted those access rights. (0xc0000022)
[0606/142140.940:ERROR:exception_snapshot_win.cc(98)] thread ID 25296 not found in process
[0606/142141.017:ERROR:process_reader_win.cc(151)] SuspendThread: Access is denied. (0x5)
[0606/142141.017:ERROR:process_reader_win.cc(151)] SuspendThread: Access is denied. (0x5)
[0606/142141.017:ERROR:process_reader_win.cc(151)] SuspendThread: Access is denied. (0x5)
[0606/142141.017:ERROR:process_reader_win.cc(151)] SuspendThread: Access is denied. (0x5)
[0606/142141.017:ERROR:process_reader_win.cc(123)] NtOpenThread: {Access Denied} A process has requested access to an object, but has not been granted those access rights. (0xc0000022)
[0606/142141.017:ERROR:exception_snapshot_win.cc(98)] thread ID 20956 not found in process
[0606/142141.048:ERROR:process_reader_win.cc(151)] SuspendThread: Access is denied. (0x5)
[0606/142141.048:ERROR:process_reader_win.cc(151)] SuspendThread: Access is denied. (0x5)
[0606/142141.048:ERROR:process_reader_win.cc(151)] SuspendThread: Access is denied. (0x5)
[0606/142141.048:ERROR:process_reader_win.cc(151)] SuspendThread: Access is denied. (0x5)
[0606/142141.048:ERROR:process_reader_win.cc(151)] SuspendThread: Access is denied. (0x5)
[0606/142141.048:ERROR:process_reader_win.cc(151)] SuspendThread: Access is denied. (0x5)
[0606/142141.048:ERROR:process_reader_win.cc(123)] NtOpenThread: {Access Denied} A process has requested access to an object, but has not been granted those access rights. (0xc0000022)
[0606/142141.048:ERROR:exception_snapshot_win.cc(98)] thread ID 26152 not found in process
[0606/142330.525:ERROR:process_reader_win.cc(151)] SuspendThread: Access is denied. (0x5)
[0606/142330.526:ERROR:process_reader_win.cc(151)] SuspendThread: Access is denied. (0x5)
[0606/142330.526:ERROR:process_reader_win.cc(123)] NtOpenThread: {Access Denied} A process has requested access to an object, but has not been granted those access rights. (0xc0000022)
[0606/142330.527:ERROR:exception_snapshot_win.cc(98)] thread ID 13892 not found in process
[0606/142330.560:ERROR:process_reader_win.cc(151)] SuspendThread: Access is denied. (0x5)
[0606/142330.561:ERROR:process_reader_win.cc(151)] SuspendThread: Access is denied. (0x5)
[0606/142330.561:ERROR:process_reader_win.cc(123)] NtOpenThread: {Access Denied} A process has requested access to an object, but has not been granted those access rights. (0xc0000022)
[0606/142330.562:ERROR:exception_snapshot_win.cc(98)] thread ID 23612 not found in process
[0606/142330.612:ERROR:process_reader_win.cc(151)] SuspendThread: Access is denied. (0x5)
[0606/142330.612:ERROR:process_reader_win.cc(151)] SuspendThread: Access is denied. (0x5)
[0606/142330.612:ERROR:process_reader_win.cc(151)] SuspendThread: Access is denied. (0x5)
[0606/142330.612:ERROR:process_reader_win.cc(151)] SuspendThread: Access is denied. (0x5)
[0606/142330.612:ERROR:process_reader_win.cc(151)] SuspendThread: Access is denied. (0x5)
[0606/142330.612:ERROR:process_reader_win.cc(123)] NtOpenThread: {Access Denied} A process has requested access to an object, but has not been granted those access rights. (0xc0000022)
[0606/142330.612:ERROR:exception_snapshot_win.cc(98)] thread ID 2680 not found in process
[0606/142330.631:ERROR:process_reader_win.cc(151)] SuspendThread: Access is denied. (0x5)
[0606/142330.631:ERROR:process_reader_win.cc(151)] SuspendThread: Access is denied. (0x5)
[0606/142330.631:ERROR:process_reader_win.cc(151)] SuspendThread: Access is denied. (0x5)
[0606/142330.631:ERROR:process_reader_win.cc(151)] SuspendThread: Access is denied. (0x5)
[0606/142330.631:ERROR:process_reader_win.cc(151)] SuspendThread: Access is denied. (0x5)
[0606/142330.631:ERROR:process_reader_win.cc(123)] NtOpenThread: {Access Denied} A process has requested access to an object, but has not been granted those access rights. (0xc0000022)
[0606/142330.631:ERROR:exception_snapshot_win.cc(98)] thread ID 19644 not found in process
[0606/142650.713:ERROR:process_reader_win.cc(151)] SuspendThread: Access is denied. (0x5)
[0606/142650.714:ERROR:process_reader_win.cc(123)] NtOpenThread: {Access Denied} A process has requested access to an object, but has not been granted those access rights. (0xc0000022)
[0606/142650.715:ERROR:exception_snapshot_win.cc(98)] thread ID 22316 not found in process
[0606/142650.738:ERROR:process_reader_win.cc(151)] SuspendThread: Access is denied. (0x5)
[0606/142650.738:ERROR:process_reader_win.cc(151)] SuspendThread: Access is denied. (0x5)
[0606/142650.738:ERROR:process_reader_win.cc(123)] NtOpenThread: {Access Denied} A process has requested access to an object, but has not been granted those access rights. (0xc0000022)
[0606/142650.739:ERROR:exception_snapshot_win.cc(98)] thread ID 25156 not found in process
[0606/142650.759:ERROR:process_reader_win.cc(151)] SuspendThread: Access is denied. (0x5)
[0606/142650.759:ERROR:process_reader_win.cc(123)] NtOpenThread: {Access Denied} A process has requested access to an object, but has not been granted those access rights. (0xc0000022)
[0606/142650.760:ERROR:exception_snapshot_win.cc(98)] thread ID 26396 not found in process
[0606/142650.798:ERROR:process_reader_win.cc(151)] SuspendThread: Access is denied. (0x5)
[0606/142650.798:ERROR:process_reader_win.cc(151)] SuspendThread: Access is denied. (0x5)
[0606/142650.798:ERROR:process_reader_win.cc(151)] SuspendThread: Access is denied. (0x5)
[0606/142650.798:ERROR:process_reader_win.cc(151)] SuspendThread: Access is denied. (0x5)
[0606/142650.798:ERROR:process_reader_win.cc(151)] SuspendThread: Access is denied. (0x5)
[0606/142650.798:ERROR:process_reader_win.cc(151)] SuspendThread: Access is denied. (0x5)
[0606/142650.798:ERROR:process_reader_win.cc(123)] NtOpenThread: {Access Denied} A process has requested access to an object, but has not been granted those access rights. (0xc0000022)
[0606/142650.798:ERROR:exception_snapshot_win.cc(98)] thread ID 3656 not found in process
[0606/142650.844:ERROR:process_reader_win.cc(151)] SuspendThread: Access is denied. (0x5)
[0606/142650.844:ERROR:process_reader_win.cc(151)] SuspendThread: Access is denied. (0x5)
[0606/142650.847:ERROR:process_reader_win.cc(151)] SuspendThread: Access is denied. (0x5)
[0606/142650.847:ERROR:process_reader_win.cc(151)] SuspendThread: Access is denied. (0x5)
[0606/142650.849:ERROR:process_reader_win.cc(151)] SuspendThread: Access is denied. (0x5)
[0606/142650.849:ERROR:process_reader_win.cc(123)] NtOpenThread: {Access Denied} A process has requested access to an object, but has not been granted those access rights. (0xc0000022)
[0606/142650.849:ERROR:exception_snapshot_win.cc(98)] thread ID 23184 not found in process
[0606/143103.961:ERROR:process_reader_win.cc(123)] NtOpenThread: {Access Denied} A process has requested access to an object, but has not been granted those access rights. (0xc0000022)
[0606/143103.961:ERROR:exception_snapshot_win.cc(98)] thread ID 25892 not found in process
[0606/143103.961:ERROR:process_reader_win.cc(151)] SuspendThread: Access is denied. (0x5)
[0606/143103.961:ERROR:process_reader_win.cc(123)] NtOpenThread: {Access Denied} A process has requested access to an object, but has not been granted those access rights. (0xc0000022)
[0606/143103.961:ERROR:exception_snapshot_win.cc(98)] thread ID 23860 not found in process
[0606/143103.992:ERROR:process_reader_win.cc(151)] SuspendThread: Access is denied. (0x5)
[0606/143103.992:ERROR:process_reader_win.cc(151)] SuspendThread: Access is denied. (0x5)
[0606/143103.992:ERROR:process_reader_win.cc(151)] SuspendThread: Access is denied. (0x5)
[0606/143103.992:ERROR:process_reader_win.cc(151)] SuspendThread: Access is denied. (0x5)
[0606/143103.992:ERROR:process_reader_win.cc(151)] SuspendThread: Access is denied. (0x5)
[0606/143103.992:ERROR:process_reader_win.cc(123)] NtOpenThread: {Access Denied} A process has requested access to an object, but has not been granted those access rights. (0xc0000022)
[0606/143103.992:ERROR:exception_snapshot_win.cc(98)] thread ID 18136 not found in process
[0606/143104.003:ERROR:process_reader_win.cc(151)] SuspendThread: Access is denied. (0x5)
[0606/143104.003:ERROR:process_reader_win.cc(151)] SuspendThread: Access is denied. (0x5)
[0606/143104.004:ERROR:process_reader_win.cc(151)] SuspendThread: Access is denied. (0x5)
[0606/143104.004:ERROR:process_reader_win.cc(151)] SuspendThread: Access is denied. (0x5)
[0606/143104.004:ERROR:process_reader_win.cc(151)] SuspendThread: Access is denied. (0x5)
[0606/143104.004:ERROR:process_reader_win.cc(123)] NtOpenThread: {Access Denied} A process has requested access to an object, but has not been granted those access rights. (0xc0000022)
[0606/143104.004:ERROR:exception_snapshot_win.cc(98)] thread ID 25720 not found in process
[0606/144411.574:ERROR:process_reader_win.cc(151)] SuspendThread: Access is denied. (0x5)
[0606/144411.575:ERROR:process_reader_win.cc(123)] NtOpenThread: {Access Denied} A process has requested access to an object, but has not been granted those access rights. (0xc0000022)
[0606/144411.575:ERROR:exception_snapshot_win.cc(98)] thread ID 3552 not found in process
[0606/144411.608:ERROR:process_reader_win.cc(151)] SuspendThread: Access is denied. (0x5)
[0606/144411.608:ERROR:process_reader_win.cc(151)] SuspendThread: Access is denied. (0x5)
[0606/144411.608:ERROR:process_reader_win.cc(151)] SuspendThread: Access is denied. (0x5)
[0606/144411.608:ERROR:process_reader_win.cc(151)] SuspendThread: Access is denied. (0x5)
[0606/144411.608:ERROR:process_reader_win.cc(123)] NtOpenThread: {Access Denied} A process has requested access to an object, but has not been granted those access rights. (0xc0000022)
[0606/144411.608:ERROR:exception_snapshot_win.cc(98)] thread ID 10204 not found in process
[0606/144411.629:ERROR:process_reader_win.cc(151)] SuspendThread: Access is denied. (0x5)
[0606/144411.629:ERROR:process_reader_win.cc(151)] SuspendThread: Access is denied. (0x5)
[0606/144411.629:ERROR:process_reader_win.cc(123)] NtOpenThread: {Access Denied} A process has requested access to an object, but has not been granted those access rights. (0xc0000022)
[0606/144411.629:ERROR:exception_snapshot_win.cc(98)] thread ID 5040 not found in process
[0606/144411.634:ERROR:process_reader_win.cc(151)] SuspendThread: Access is denied. (0x5)
[0606/144411.636:ERROR:process_reader_win.cc(151)] SuspendThread: Access is denied. (0x5)
[0606/144411.636:ERROR:process_reader_win.cc(123)] NtOpenThread: {Access Denied} A process has requested access to an object, but has not been granted those access rights. (0xc0000022)
[0606/144411.637:ERROR:exception_snapshot_win.cc(98)] thread ID 25356 not found in process
[0606/144411.693:ERROR:process_reader_win.cc(151)] SuspendThread: Access is denied. (0x5)
[0606/144411.694:ERROR:process_reader_win.cc(151)] SuspendThread: Access is denied. (0x5)
[0606/144411.694:ERROR:process_reader_win.cc(151)] SuspendThread: Access is denied. (0x5)
[0606/144411.694:ERROR:process_reader_win.cc(151)] SuspendThread: Access is denied. (0x5)
[0606/144411.694:ERROR:process_reader_win.cc(123)] NtOpenThread: {Access Denied} A process has requested access to an object, but has not been granted those access rights. (0xc0000022)
[0606/144411.694:ERROR:exception_snapshot_win.cc(98)] thread ID 7924 not found in process
[0606/145031.987:ERROR:process_reader_win.cc(151)] SuspendThread: Access is denied. (0x5)
[0606/145031.988:ERROR:process_reader_win.cc(123)] NtOpenThread: {Access Denied} A process has requested access to an object, but has not been granted those access rights. (0xc0000022)
[0606/145031.988:ERROR:exception_snapshot_win.cc(98)] thread ID 17216 not found in process
[0606/145031.992:ERROR:process_reader_win.cc(123)] NtOpenThread: {Access Denied} A process has requested access to an object, but has not been granted those access rights. (0xc0000022)
[0606/145031.993:ERROR:exception_snapshot_win.cc(98)] thread ID 18108 not found in process
[0606/145032.019:ERROR:process_reader_win.cc(151)] SuspendThread: Access is denied. (0x5)
[0606/145032.019:ERROR:process_reader_win.cc(123)] NtOpenThread: {Access Denied} A process has requested access to an object, but has not been granted those access rights. (0xc0000022)
[0606/145032.019:ERROR:exception_snapshot_win.cc(98)] thread ID 20220 not found in process
[0606/145032.033:ERROR:process_reader_win.cc(151)] SuspendThread: Access is denied. (0x5)
[0606/145032.033:ERROR:process_reader_win.cc(151)] SuspendThread: Access is denied. (0x5)
[0606/145032.033:ERROR:process_reader_win.cc(151)] SuspendThread: Access is denied. (0x5)
[0606/145032.033:ERROR:process_reader_win.cc(123)] NtOpenThread: {Access Denied} A process has requested access to an object, but has not been granted those access rights. (0xc0000022)
[0606/145032.033:ERROR:exception_snapshot_win.cc(98)] thread ID 26512 not found in process
[0606/154001.066:ERROR:process_reader_win.cc(151)] SuspendThread: Access is denied. (0x5)
[0606/154001.066:ERROR:process_reader_win.cc(151)] SuspendThread: Access is denied. (0x5)
[0606/154001.066:ERROR:process_reader_win.cc(123)] NtOpenThread: {Access Denied} A process has requested access to an object, but has not been granted those access rights. (0xc0000022)
[0606/154001.070:ERROR:exception_snapshot_win.cc(98)] thread ID 24756 not found in process
[0606/154001.082:ERROR:process_reader_win.cc(151)] SuspendThread: Access is denied. (0x5)
[0606/154001.082:ERROR:process_reader_win.cc(123)] NtOpenThread: {Access Denied} A process has requested access to an object, but has not been granted those access rights. (0xc0000022)
[0606/154001.082:ERROR:exception_snapshot_win.cc(98)] thread ID 12736 not found in process
[0606/154001.082:ERROR:process_reader_win.cc(151)] SuspendThread: Access is denied. (0x5)
[0606/154001.090:ERROR:process_reader_win.cc(151)] SuspendThread: Access is denied. (0x5)
[0606/154001.090:ERROR:process_reader_win.cc(151)] SuspendThread: Access is denied. (0x5)
[0606/154001.090:ERROR:process_reader_win.cc(151)] SuspendThread: Access is denied. (0x5)
[0606/154001.090:ERROR:process_reader_win.cc(151)] SuspendThread: Access is denied. (0x5)
[0606/154001.090:ERROR:process_reader_win.cc(151)] SuspendThread: Access is denied. (0x5)
[0606/154001.090:ERROR:process_reader_win.cc(151)] SuspendThread: Access is denied. (0x5)
[0606/154001.090:ERROR:process_reader_win.cc(151)] SuspendThread: Access is denied. (0x5)
[0606/154001.090:ERROR:process_reader_win.cc(151)] SuspendThread: Access is denied. (0x5)
[0606/154001.090:ERROR:process_reader_win.cc(151)] SuspendThread: Access is denied. (0x5)
[0606/154001.090:ERROR:process_reader_win.cc(151)] SuspendThread: Access is denied. (0x5)
[0606/154001.090:ERROR:process_reader_win.cc(123)] NtOpenThread: An invalid Client ID was specified. (0xc000000b)
[0606/154001.090:ERROR:process_reader_win.cc(151)] SuspendThread: Access is denied. (0x5)
[0606/154001.090:ERROR:process_reader_win.cc(151)] SuspendThread: Access is denied. (0x5)
[0606/154001.090:ERROR:process_reader_win.cc(151)] SuspendThread: Access is denied. (0x5)
[0606/154001.090:ERROR:process_reader_win.cc(151)] SuspendThread: Access is denied. (0x5)
[0606/154001.090:ERROR:process_reader_win.cc(151)] SuspendThread: Access is denied. (0x5)
[0606/154001.090:ERROR:process_reader_win.cc(151)] SuspendThread: Access is denied. (0x5)
[0606/154001.090:ERROR:process_reader_win.cc(151)] SuspendThread: Access is denied. (0x5)
[0606/154001.090:ERROR:process_reader_win.cc(151)] SuspendThread: Access is denied. (0x5)
[0606/154001.090:ERROR:process_reader_win.cc(151)] SuspendThread: Access is denied. (0x5)
[0606/154001.090:ERROR:process_reader_win.cc(151)] SuspendThread: Access is denied. (0x5)
[0606/154001.090:ERROR:process_reader_win.cc(151)] SuspendThread: Access is denied. (0x5)
[0606/154001.090:ERROR:process_reader_win.cc(151)] SuspendThread: Access is denied. (0x5)
[0606/154001.090:ERROR:process_reader_win.cc(151)] SuspendThread: Access is denied. (0x5)
[0606/154001.090:ERROR:process_reader_win.cc(151)] SuspendThread: Access is denied. (0x5)
[0606/154001.090:ERROR:process_reader_win.cc(151)] SuspendThread: Access is denied. (0x5)
[0606/154001.090:ERROR:process_reader_win.cc(151)] SuspendThread: Access is denied. (0x5)
[0606/154001.090:ERROR:process_reader_win.cc(151)] SuspendThread: Access is denied. (0x5)
[0606/154001.090:ERROR:process_reader_win.cc(151)] SuspendThread: Access is denied. (0x5)
[0606/154001.090:ERROR:process_reader_win.cc(151)] SuspendThread: Access is denied. (0x5)
[0606/154001.090:ERROR:process_reader_win.cc(151)] SuspendThread: Access is denied. (0x5)
[0606/154001.090:ERROR:process_reader_win.cc(151)] SuspendThread: Access is denied. (0x5)
[0606/154001.090:ERROR:process_reader_win.cc(151)] SuspendThread: Access is denied. (0x5)
[0606/154001.090:ERROR:process_reader_win.cc(151)] SuspendThread: Access is denied. (0x5)
[0606/154001.090:ERROR:process_reader_win.cc(151)] SuspendThread: Access is denied. (0x5)
[0606/154001.090:ERROR:process_reader_win.cc(151)] SuspendThread: Access is denied. (0x5)
[0606/154001.090:ERROR:process_reader_win.cc(151)] SuspendThread: Access is denied. (0x5)
[0606/154001.090:ERROR:process_reader_win.cc(151)] SuspendThread: Access is denied. (0x5)
[0606/154001.090:ERROR:process_reader_win.cc(151)] SuspendThread: Access is denied. (0x5)
[0606/154001.090:ERROR:process_reader_win.cc(151)] SuspendThread: Access is denied. (0x5)
[0606/154001.090:ERROR:process_reader_win.cc(123)] NtOpenThread: {Access Denied} A process has requested access to an object, but has not been granted those access rights. (0xc0000022)
[0606/154001.090:ERROR:exception_snapshot_win.cc(98)] thread ID 12888 not found in process
[0606/154001.122:ERROR:process_reader_win.cc(151)] SuspendThread: Access is denied. (0x5)
[0606/154001.126:ERROR:process_reader_win.cc(123)] NtOpenThread: {Access Denied} A process has requested access to an object, but has not been granted those access rights. (0xc0000022)
[0606/154001.126:ERROR:exception_snapshot_win.cc(98)] thread ID 14636 not found in process
[0606/154001.150:ERROR:process_reader_win.cc(151)] SuspendThread: Access is denied. (0x5)
[0606/154001.150:ERROR:process_reader_win.cc(151)] SuspendThread: Access is denied. (0x5)
[0606/154001.150:ERROR:process_reader_win.cc(151)] SuspendThread: Access is denied. (0x5)
[0606/154001.150:ERROR:process_reader_win.cc(151)] SuspendThread: Access is denied. (0x5)
[0606/154001.150:ERROR:process_reader_win.cc(123)] NtOpenThread: {Access Denied} A process has requested access to an object, but has not been granted those access rights. (0xc0000022)
[0606/154001.150:ERROR:exception_snapshot_win.cc(98)] thread ID 13028 not found in process
[0606/154109.235:ERROR:process_reader_win.cc(151)] SuspendThread: Access is denied. (0x5)
[0606/154109.235:ERROR:process_reader_win.cc(123)] NtOpenThread: {Access Denied} A process has requested access to an object, but has not been granted those access rights. (0xc0000022)
[0606/154109.235:ERROR:exception_snapshot_win.cc(98)] thread ID 24352 not found in process
[0606/154109.243:ERROR:process_reader_win.cc(151)] SuspendThread: Access is denied. (0x5)
[0606/154109.243:ERROR:process_reader_win.cc(151)] SuspendThread: Access is denied. (0x5)
[0606/154109.243:ERROR:process_reader_win.cc(151)] SuspendThread: Access is denied. (0x5)
[0606/154109.243:ERROR:process_reader_win.cc(151)] SuspendThread: Access is denied. (0x5)
[0606/154109.243:ERROR:process_reader_win.cc(151)] SuspendThread: Access is denied. (0x5)
[0606/154109.243:ERROR:process_reader_win.cc(151)] SuspendThread: Access is denied. (0x5)
[0606/154109.243:ERROR:process_reader_win.cc(151)] SuspendThread: Access is denied. (0x5)
[0606/154109.243:ERROR:process_reader_win.cc(151)] SuspendThread: Access is denied. (0x5)
[0606/154109.243:ERROR:process_reader_win.cc(151)] SuspendThread: Access is denied. (0x5)
[0606/154109.243:ERROR:process_reader_win.cc(151)] SuspendThread: Access is denied. (0x5)
[0606/154109.243:ERROR:process_reader_win.cc(151)] SuspendThread: Access is denied. (0x5)
[0606/154109.243:ERROR:process_reader_win.cc(151)] SuspendThread: Access is denied. (0x5)
[0606/154109.243:ERROR:process_reader_win.cc(151)] SuspendThread: Access is denied. (0x5)
[0606/154109.243:ERROR:process_reader_win.cc(151)] SuspendThread: Access is denied. (0x5)
[0606/154109.243:ERROR:process_reader_win.cc(151)] SuspendThread: Access is denied. (0x5)
[0606/154109.243:ERROR:process_reader_win.cc(151)] SuspendThread: Access is denied. (0x5)
[0606/154109.243:ERROR:process_reader_win.cc(123)] NtOpenThread: {Access Denied} A process has requested access to an object, but has not been granted those access rights. (0xc0000022)
[0606/154109.243:ERROR:exception_snapshot_win.cc(98)] thread ID 21312 not found in process
[0606/154109.247:ERROR:process_reader_win.cc(151)] SuspendThread: Access is denied. (0x5)
[0606/154109.247:ERROR:process_reader_win.cc(151)] SuspendThread: Access is denied. (0x5)
[0606/154109.247:ERROR:process_reader_win.cc(123)] NtOpenThread: {Access Denied} A process has requested access to an object, but has not been granted those access rights. (0xc0000022)
[0606/154109.247:ERROR:exception_snapshot_win.cc(98)] thread ID 18776 not found in process
[0606/154109.263:ERROR:process_reader_win.cc(123)] NtOpenThread: {Access Denied} A process has requested access to an object, but has not been granted those access rights. (0xc0000022)
[0606/154109.263:ERROR:exception_snapshot_win.cc(98)] thread ID 10272 not found in process
[0606/154109.275:ERROR:process_reader_win.cc(123)] NtOpenThread: {Access Denied} A process has requested access to an object, but has not been granted those access rights. (0xc0000022)
[0606/154109.275:ERROR:exception_snapshot_win.cc(98)] thread ID 20784 not found in process
[0606/154235.790:ERROR:process_reader_win.cc(151)] SuspendThread: Access is denied. (0x5)
[0606/154235.790:ERROR:process_reader_win.cc(123)] NtOpenThread: {Access Denied} A process has requested access to an object, but has not been granted those access rights. (0xc0000022)
[0606/154235.790:ERROR:exception_snapshot_win.cc(98)] thread ID 5784 not found in process
[0606/154235.801:ERROR:process_reader_win.cc(151)] SuspendThread: Access is denied. (0x5)
[0606/154235.801:ERROR:process_reader_win.cc(151)] SuspendThread: Access is denied. (0x5)
[0606/154235.801:ERROR:process_reader_win.cc(123)] NtOpenThread: {Access Denied} A process has requested access to an object, but has not been granted those access rights. (0xc0000022)
[0606/154235.801:ERROR:exception_snapshot_win.cc(98)] thread ID 23380 not found in process
[0606/154235.818:ERROR:process_reader_win.cc(151)] SuspendThread: Access is denied. (0x5)
[0606/154235.820:ERROR:process_reader_win.cc(151)] SuspendThread: Access is denied. (0x5)
[0606/154235.820:ERROR:process_reader_win.cc(123)] NtOpenThread: {Access Denied} A process has requested access to an object, but has not been granted those access rights. (0xc0000022)
[0606/154235.821:ERROR:exception_snapshot_win.cc(98)] thread ID 7584 not found in process
[0606/154235.821:ERROR:process_reader_win.cc(151)] SuspendThread: Access is denied. (0x5)
[0606/154235.821:ERROR:process_reader_win.cc(151)] SuspendThread: Access is denied. (0x5)
[0606/154235.821:ERROR:process_reader_win.cc(151)] SuspendThread: Access is denied. (0x5)
[0606/154235.821:ERROR:process_reader_win.cc(151)] SuspendThread: Access is denied. (0x5)
[0606/154235.821:ERROR:process_reader_win.cc(123)] NtOpenThread: {Access Denied} A process has requested access to an object, but has not been granted those access rights. (0xc0000022)
[0606/154235.821:ERROR:exception_snapshot_win.cc(98)] thread ID 13108 not found in process
[0606/154235.856:ERROR:process_reader_win.cc(151)] SuspendThread: Access is denied. (0x5)
[0606/154235.856:ERROR:process_reader_win.cc(123)] NtOpenThread: {Access Denied} A process has requested access to an object, but has not been granted those access rights. (0xc0000022)
[0606/154235.856:ERROR:exception_snapshot_win.cc(98)] thread ID 18036 not found in process
[0606/154611.374:ERROR:process_reader_win.cc(151)] SuspendThread: Access is denied. (0x5)
[0606/154611.374:ERROR:process_reader_win.cc(151)] SuspendThread: Access is denied. (0x5)
[0606/154611.374:ERROR:process_reader_win.cc(123)] NtOpenThread: {Access Denied} A process has requested access to an object, but has not been granted those access rights. (0xc0000022)
[0606/154611.374:ERROR:exception_snapshot_win.cc(98)] thread ID 23196 not found in process
[0606/154611.382:ERROR:process_reader_win.cc(123)] NtOpenThread: {Access Denied} A process has requested access to an object, but has not been granted those access rights. (0xc0000022)
[0606/154611.382:ERROR:exception_snapshot_win.cc(98)] thread ID 6832 not found in process
[0606/154611.402:ERROR:process_reader_win.cc(123)] NtOpenThread: {Access Denied} A process has requested access to an object, but has not been granted those access rights. (0xc0000022)
[0606/154611.402:ERROR:exception_snapshot_win.cc(98)] thread ID 25024 not found in process
[0606/154611.406:ERROR:process_reader_win.cc(123)] NtOpenThread: {Access Denied} A process has requested access to an object, but has not been granted those access rights. (0xc0000022)
[0606/154611.406:ERROR:exception_snapshot_win.cc(98)] thread ID 15320 not found in process
[0606/154853.178:ERROR:process_reader_win.cc(123)] NtOpenThread: {Access Denied} A process has requested access to an object, but has not been granted those access rights. (0xc0000022)
[0606/154853.178:ERROR:exception_snapshot_win.cc(98)] thread ID 19292 not found in process
[0606/154853.206:ERROR:process_reader_win.cc(123)] NtOpenThread: {Access Denied} A process has requested access to an object, but has not been granted those access rights. (0xc0000022)
[0606/154853.206:ERROR:exception_snapshot_win.cc(98)] thread ID 22636 not found in process
[0606/155147.232:ERROR:process_reader_win.cc(151)] SuspendThread: Access is denied. (0x5)
[0606/155147.232:ERROR:process_reader_win.cc(123)] NtOpenThread: {Access Denied} A process has requested access to an object, but has not been granted those access rights. (0xc0000022)
[0606/155147.236:ERROR:exception_snapshot_win.cc(98)] thread ID 2900 not found in process
[0606/155147.240:ERROR:process_reader_win.cc(151)] SuspendThread: Access is denied. (0x5)
[0606/155147.244:ERROR:process_reader_win.cc(151)] SuspendThread: Access is denied. (0x5)
[0606/155147.244:ERROR:process_reader_win.cc(123)] NtOpenThread: {Access Denied} A process has requested access to an object, but has not been granted those access rights. (0xc0000022)
[0606/155147.244:ERROR:exception_snapshot_win.cc(98)] thread ID 15652 not found in process
[0606/155147.292:ERROR:process_reader_win.cc(151)] SuspendThread: Access is denied. (0x5)
[0606/155147.292:ERROR:process_reader_win.cc(151)] SuspendThread: Access is denied. (0x5)
[0606/155147.292:ERROR:process_reader_win.cc(151)] SuspendThread: Access is denied. (0x5)
[0606/155147.292:ERROR:process_reader_win.cc(151)] SuspendThread: Access is denied. (0x5)
[0606/155147.292:ERROR:process_reader_win.cc(123)] NtOpenThread: {Access Denied} A process has requested access to an object, but has not been granted those access rights. (0xc0000022)
[0606/155147.292:ERROR:exception_snapshot_win.cc(98)] thread ID 25068 not found in process
[0606/155147.304:ERROR:process_reader_win.cc(151)] SuspendThread: Access is denied. (0x5)
[0606/155147.304:ERROR:process_reader_win.cc(151)] SuspendThread: Access is denied. (0x5)
[0606/155147.304:ERROR:process_reader_win.cc(123)] NtOpenThread: {Access Denied} A process has requested access to an object, but has not been granted those access rights. (0xc0000022)
[0606/155147.304:ERROR:exception_snapshot_win.cc(98)] thread ID 16892 not found in process
[0606/155147.348:ERROR:process_reader_win.cc(151)] SuspendThread: Access is denied. (0x5)
[0606/155147.348:ERROR:process_reader_win.cc(151)] SuspendThread: Access is denied. (0x5)
[0606/155147.348:ERROR:process_reader_win.cc(151)] SuspendThread: Access is denied. (0x5)
[0606/155147.348:ERROR:process_reader_win.cc(151)] SuspendThread: Access is denied. (0x5)
[0606/155147.348:ERROR:process_reader_win.cc(151)] SuspendThread: Access is denied. (0x5)
[0606/155147.348:ERROR:process_reader_win.cc(123)] NtOpenThread: {Access Denied} A process has requested access to an object, but has not been granted those access rights. (0xc0000022)
[0606/155147.348:ERROR:exception_snapshot_win.cc(98)] thread ID 1504 not found in process
[0606/155331.433:ERROR:process_reader_win.cc(151)] SuspendThread: Access is denied. (0x5)
[0606/155331.433:ERROR:process_reader_win.cc(151)] SuspendThread: Access is denied. (0x5)
[0606/155331.433:ERROR:process_reader_win.cc(151)] SuspendThread: Access is denied. (0x5)
[0606/155331.433:ERROR:process_reader_win.cc(151)] SuspendThread: Access is denied. (0x5)
[0606/155331.433:ERROR:process_reader_win.cc(151)] SuspendThread: Access is denied. (0x5)
[0606/155331.433:ERROR:process_reader_win.cc(151)] SuspendThread: Access is denied. (0x5)
[0606/155331.433:ERROR:process_reader_win.cc(151)] SuspendThread: Access is denied. (0x5)
[0606/155331.433:ERROR:process_reader_win.cc(151)] SuspendThread: Access is denied. (0x5)
[0606/155331.433:ERROR:process_reader_win.cc(151)] SuspendThread: Access is denied. (0x5)
[0606/155331.433:ERROR:process_reader_win.cc(151)] SuspendThread: Access is denied. (0x5)
[0606/155331.433:ERROR:process_reader_win.cc(151)] SuspendThread: Access is denied. (0x5)
[0606/155331.433:ERROR:process_reader_win.cc(123)] NtOpenThread: {Access Denied} A process has requested access to an object, but has not been granted those access rights. (0xc0000022)
[0606/155331.433:ERROR:exception_snapshot_win.cc(98)] thread ID 17360 not found in process
[0606/155331.433:ERROR:process_reader_win.cc(151)] SuspendThread: Access is denied. (0x5)
[0606/155331.433:ERROR:process_reader_win.cc(151)] SuspendThread: Access is denied. (0x5)
[0606/155331.433:ERROR:process_reader_win.cc(151)] SuspendThread: Access is denied. (0x5)
[0606/155331.433:ERROR:process_reader_win.cc(151)] SuspendThread: Access is denied. (0x5)
[0606/155331.433:ERROR:process_reader_win.cc(151)] SuspendThread: Access is denied. (0x5)
[0606/155331.433:ERROR:process_reader_win.cc(151)] SuspendThread: Access is denied. (0x5)
[0606/155331.433:ERROR:process_reader_win.cc(151)] SuspendThread: Access is denied. (0x5)
[0606/155331.433:ERROR:process_reader_win.cc(151)] SuspendThread: Access is denied. (0x5)
[0606/155331.433:ERROR:process_reader_win.cc(151)] SuspendThread: Access is denied. (0x5)
[0606/155331.433:ERROR:process_reader_win.cc(151)] SuspendThread: Access is denied. (0x5)
[0606/155331.433:ERROR:process_reader_win.cc(123)] NtOpenThread: {Access Denied} A process has requested access to an object, but has not been granted those access rights. (0xc0000022)
[0606/155331.437:ERROR:exception_snapshot_win.cc(98)] thread ID 14616 not found in process
[0606/155331.469:ERROR:process_reader_win.cc(151)] SuspendThread: Access is denied. (0x5)
[0606/155331.469:ERROR:process_reader_win.cc(151)] SuspendThread: Access is denied. (0x5)
[0606/155331.469:ERROR:process_reader_win.cc(151)] SuspendThread: Access is denied. (0x5)
[0606/155331.469:ERROR:process_reader_win.cc(151)] SuspendThread: Access is denied. (0x5)
[0606/155331.469:ERROR:process_reader_win.cc(151)] SuspendThread: Access is denied. (0x5)
[0606/155331.469:ERROR:process_reader_win.cc(123)] NtOpenThread: {Access Denied} A process has requested access to an object, but has not been granted those access rights. (0xc0000022)
[0606/155331.469:ERROR:exception_snapshot_win.cc(98)] thread ID 17900 not found in process
[0606/155331.477:ERROR:process_reader_win.cc(151)] SuspendThread: Access is denied. (0x5)
[0606/155331.477:ERROR:process_reader_win.cc(151)] SuspendThread: Access is denied. (0x5)
[0606/155331.477:ERROR:process_reader_win.cc(123)] NtOpenThread: {Access Denied} A process has requested access to an object, but has not been granted those access rights. (0xc0000022)
[0606/155331.477:ERROR:exception_snapshot_win.cc(98)] thread ID 25328 not found in process
[0606/155541.625:ERROR:process_reader_win.cc(151)] SuspendThread: Access is denied. (0x5)
[0606/155541.625:ERROR:process_reader_win.cc(123)] NtOpenThread: {Access Denied} A process has requested access to an object, but has not been granted those access rights. (0xc0000022)
[0606/155541.625:ERROR:exception_snapshot_win.cc(98)] thread ID 12476 not found in process
[0606/155541.671:ERROR:process_reader_win.cc(151)] SuspendThread: Access is denied. (0x5)
[0606/155541.671:ERROR:process_reader_win.cc(151)] SuspendThread: Access is denied. (0x5)
[0606/155541.671:ERROR:process_reader_win.cc(151)] SuspendThread: Access is denied. (0x5)
[0606/155541.671:ERROR:process_reader_win.cc(151)] SuspendThread: Access is denied. (0x5)
[0606/155541.671:ERROR:process_reader_win.cc(123)] NtOpenThread: {Access Denied} A process has requested access to an object, but has not been granted those access rights. (0xc0000022)
[0606/155541.671:ERROR:exception_snapshot_win.cc(98)] thread ID 19924 not found in process
[0606/155541.675:ERROR:process_reader_win.cc(151)] SuspendThread: Access is denied. (0x5)
[0606/155541.675:ERROR:process_reader_win.cc(151)] SuspendThread: Access is denied. (0x5)
[0606/155541.675:ERROR:process_reader_win.cc(123)] NtOpenThread: {Access Denied} A process has requested access to an object, but has not been granted those access rights. (0xc0000022)
[0606/155541.675:ERROR:exception_snapshot_win.cc(98)] thread ID 16420 not found in process
[0606/155541.707:ERROR:process_reader_win.cc(151)] SuspendThread: Access is denied. (0x5)
[0606/155541.711:ERROR:process_reader_win.cc(151)] SuspendThread: Access is denied. (0x5)
[0606/155541.711:ERROR:process_reader_win.cc(123)] NtOpenThread: {Access Denied} A process has requested access to an object, but has not been granted those access rights. (0xc0000022)
[0606/155541.711:ERROR:exception_snapshot_win.cc(98)] thread ID 19944 not found in process
[0606/155541.753:ERROR:process_reader_win.cc(151)] SuspendThread: Access is denied. (0x5)
[0606/155541.753:ERROR:process_reader_win.cc(151)] SuspendThread: Access is denied. (0x5)
[0606/155541.753:ERROR:process_reader_win.cc(151)] SuspendThread: Access is denied. (0x5)
[0606/155541.753:ERROR:process_reader_win.cc(151)] SuspendThread: Access is denied. (0x5)
[0606/155541.753:ERROR:process_reader_win.cc(151)] SuspendThread: Access is denied. (0x5)
[0606/155541.753:ERROR:process_reader_win.cc(123)] NtOpenThread: {Access Denied} A process has requested access to an object, but has not been granted those access rights. (0xc0000022)
[0606/155541.753:ERROR:exception_snapshot_win.cc(98)] thread ID 20688 not found in process
[0606/155728.195:ERROR:process_reader_win.cc(123)] NtOpenThread: {Access Denied} A process has requested access to an object, but has not been granted those access rights. (0xc0000022)
[0606/155728.195:ERROR:exception_snapshot_win.cc(98)] thread ID 12656 not found in process
[0606/155728.235:ERROR:process_reader_win.cc(123)] NtOpenThread: {Access Denied} A process has requested access to an object, but has not been granted those access rights. (0xc0000022)
[0606/155728.235:ERROR:exception_snapshot_win.cc(98)] thread ID 7160 not found in process
[0606/155928.126:ERROR:process_reader_win.cc(151)] SuspendThread: Access is denied. (0x5)
[0606/155928.130:ERROR:process_reader_win.cc(151)] SuspendThread: Access is denied. (0x5)
[0606/155928.130:ERROR:process_reader_win.cc(123)] NtOpenThread: {Access Denied} A process has requested access to an object, but has not been granted those access rights. (0xc0000022)
[0606/155928.130:ERROR:exception_snapshot_win.cc(98)] thread ID 24872 not found in process
[0606/155928.162:ERROR:process_reader_win.cc(123)] NtOpenThread: {Access Denied} A process has requested access to an object, but has not been granted those access rights. (0xc0000022)
[0606/155928.162:ERROR:exception_snapshot_win.cc(98)] thread ID 20584 not found in process
[0606/155928.174:ERROR:process_reader_win.cc(151)] SuspendThread: Access is denied. (0x5)
[0606/155928.178:ERROR:process_reader_win.cc(151)] SuspendThread: Access is denied. (0x5)
[0606/155928.178:ERROR:process_reader_win.cc(151)] SuspendThread: Access is denied. (0x5)
[0606/155928.178:ERROR:process_reader_win.cc(151)] SuspendThread: Access is denied. (0x5)
[0606/155928.178:ERROR:process_reader_win.cc(123)] NtOpenThread: {Access Denied} A process has requested access to an object, but has not been granted those access rights. (0xc0000022)
[0606/155928.178:ERROR:exception_snapshot_win.cc(98)] thread ID 27048 not found in process
[0606/155928.214:ERROR:process_reader_win.cc(123)] NtOpenThread: {Access Denied} A process has requested access to an object, but has not been granted those access rights. (0xc0000022)
[0606/155928.214:ERROR:exception_snapshot_win.cc(98)] thread ID 3016 not found in process
[0606/160044.782:ERROR:process_reader_win.cc(151)] SuspendThread: Access is denied. (0x5)
[0606/160044.782:ERROR:process_reader_win.cc(123)] NtOpenThread: {Access Denied} A process has requested access to an object, but has not been granted those access rights. (0xc0000022)
[0606/160044.782:ERROR:exception_snapshot_win.cc(98)] thread ID 12180 not found in process
[0606/160044.818:ERROR:process_reader_win.cc(151)] SuspendThread: Access is denied. (0x5)
[0606/160044.818:ERROR:process_reader_win.cc(151)] SuspendThread: Access is denied. (0x5)
[0606/160044.818:ERROR:process_reader_win.cc(151)] SuspendThread: Access is denied. (0x5)
[0606/160044.818:ERROR:process_reader_win.cc(151)] SuspendThread: Access is denied. (0x5)
[0606/160044.818:ERROR:process_reader_win.cc(151)] SuspendThread: Access is denied. (0x5)
[0606/160044.818:ERROR:process_reader_win.cc(123)] NtOpenThread: {Access Denied} A process has requested access to an object, but has not been granted those access rights. (0xc0000022)
[0606/160044.818:ERROR:exception_snapshot_win.cc(98)] thread ID 18444 not found in process
[0606/160044.826:ERROR:process_reader_win.cc(151)] SuspendThread: Access is denied. (0x5)
[0606/160044.826:ERROR:process_reader_win.cc(151)] SuspendThread: Access is denied. (0x5)
[0606/160044.826:ERROR:process_reader_win.cc(123)] NtOpenThread: {Access Denied} A process has requested access to an object, but has not been granted those access rights. (0xc0000022)
[0606/160044.826:ERROR:exception_snapshot_win.cc(98)] thread ID 26884 not found in process
[0606/160734.293:ERROR:process_reader_win.cc(123)] NtOpenThread: {Access Denied} A process has requested access to an object, but has not been granted those access rights. (0xc0000022)
[0606/160734.297:ERROR:exception_snapshot_win.cc(98)] thread ID 9532 not found in process
[0606/160734.301:ERROR:process_reader_win.cc(151)] SuspendThread: Access is denied. (0x5)
[0606/160734.301:ERROR:process_reader_win.cc(151)] SuspendThread: Access is denied. (0x5)
[0606/160734.301:ERROR:process_reader_win.cc(151)] SuspendThread: Access is denied. (0x5)
[0606/160734.301:ERROR:process_reader_win.cc(151)] SuspendThread: Access is denied. (0x5)
[0606/160734.301:ERROR:process_reader_win.cc(151)] SuspendThread: Access is denied. (0x5)
[0606/160734.301:ERROR:process_reader_win.cc(151)] SuspendThread: Access is denied. (0x5)
[0606/160734.301:ERROR:process_reader_win.cc(151)] SuspendThread: Access is denied. (0x5)
[0606/160734.301:ERROR:process_reader_win.cc(151)] SuspendThread: Access is denied. (0x5)
[0606/160734.301:ERROR:process_reader_win.cc(151)] SuspendThread: Access is denied. (0x5)
[0606/160734.305:ERROR:process_reader_win.cc(151)] SuspendThread: Access is denied. (0x5)
[0606/160734.305:ERROR:process_reader_win.cc(151)] SuspendThread: Access is denied. (0x5)
[0606/160734.305:ERROR:process_reader_win.cc(151)] SuspendThread: Access is denied. (0x5)
[0606/160734.305:ERROR:process_reader_win.cc(151)] SuspendThread: Access is denied. (0x5)
[0606/160734.305:ERROR:process_reader_win.cc(123)] NtOpenThread: {Access Denied} A process has requested access to an object, but has not been granted those access rights. (0xc0000022)
[0606/160734.305:ERROR:exception_snapshot_win.cc(98)] thread ID 10444 not found in process
[0606/160734.325:ERROR:process_reader_win.cc(123)] NtOpenThread: {Access Denied} A process has requested access to an object, but has not been granted those access rights. (0xc0000022)
[0606/160734.325:ERROR:exception_snapshot_win.cc(98)] thread ID 9252 not found in process
[0606/160734.325:ERROR:process_reader_win.cc(123)] NtOpenThread: {Access Denied} A process has requested access to an object, but has not been granted those access rights. (0xc0000022)
[0606/160734.325:ERROR:exception_snapshot_win.cc(98)] thread ID 21992 not found in process
[0606/160734.381:ERROR:process_reader_win.cc(151)] SuspendThread: Access is denied. (0x5)
[0606/160734.381:ERROR:process_reader_win.cc(151)] SuspendThread: Access is denied. (0x5)
[0606/160734.381:ERROR:process_reader_win.cc(151)] SuspendThread: Access is denied. (0x5)
[0606/160734.381:ERROR:process_reader_win.cc(151)] SuspendThread: Access is denied. (0x5)
[0606/160734.381:ERROR:process_reader_win.cc(151)] SuspendThread: Access is denied. (0x5)
[0606/160734.381:ERROR:process_reader_win.cc(151)] SuspendThread: Access is denied. (0x5)
[0606/160734.381:ERROR:process_reader_win.cc(123)] NtOpenThread: {Access Denied} A process has requested access to an object, but has not been granted those access rights. (0xc0000022)
[0606/160734.381:ERROR:exception_snapshot_win.cc(98)] thread ID 11324 not found in process
[0606/162322.824:ERROR:process_reader_win.cc(151)] SuspendThread: Access is denied. (0x5)
[0606/162322.825:ERROR:process_reader_win.cc(151)] SuspendThread: Access is denied. (0x5)
[0606/162322.825:ERROR:process_reader_win.cc(151)] SuspendThread: Access is denied. (0x5)
[0606/162322.825:ERROR:process_reader_win.cc(151)] SuspendThread: Access is denied. (0x5)
[0606/162322.825:ERROR:process_reader_win.cc(151)] SuspendThread: Access is denied. (0x5)
[0606/162322.825:ERROR:process_reader_win.cc(151)] SuspendThread: Access is denied. (0x5)
[0606/162322.825:ERROR:process_reader_win.cc(151)] SuspendThread: Access is denied. (0x5)
[0606/162322.825:ERROR:process_reader_win.cc(151)] SuspendThread: Access is denied. (0x5)
[0606/162322.825:ERROR:process_reader_win.cc(151)] SuspendThread: Access is denied. (0x5)
[0606/162322.825:ERROR:process_reader_win.cc(151)] SuspendThread: Access is denied. (0x5)
[0606/162322.825:ERROR:process_reader_win.cc(151)] SuspendThread: Access is denied. (0x5)
[0606/162322.825:ERROR:process_reader_win.cc(151)] SuspendThread: Access is denied. (0x5)
[0606/162322.825:ERROR:process_reader_win.cc(151)] SuspendThread: Access is denied. (0x5)
[0606/162322.825:ERROR:process_reader_win.cc(151)] SuspendThread: Access is denied. (0x5)
[0606/162322.825:ERROR:process_reader_win.cc(151)] SuspendThread: Access is denied. (0x5)
[0606/162322.825:ERROR:process_reader_win.cc(123)] NtOpenThread: {Access Denied} A process has requested access to an object, but has not been granted those access rights. (0xc0000022)
[0606/162322.826:ERROR:exception_snapshot_win.cc(98)] thread ID 18436 not found in process
[0606/162322.829:ERROR:process_reader_win.cc(123)] NtOpenThread: {Access Denied} A process has requested access to an object, but has not been granted those access rights. (0xc0000022)
[0606/162322.830:ERROR:exception_snapshot_win.cc(98)] thread ID 24464 not found in process
[0606/162322.834:ERROR:process_reader_win.cc(151)] SuspendThread: Access is denied. (0x5)
[0606/162322.834:ERROR:process_reader_win.cc(151)] SuspendThread: Access is denied. (0x5)
[0606/162322.834:ERROR:process_reader_win.cc(151)] SuspendThread: Access is denied. (0x5)
[0606/162322.835:ERROR:process_reader_win.cc(151)] SuspendThread: Access is denied. (0x5)
[0606/162322.835:ERROR:process_reader_win.cc(151)] SuspendThread: Access is denied. (0x5)
[0606/162322.835:ERROR:process_reader_win.cc(151)] SuspendThread: Access is denied. (0x5)
[0606/162322.835:ERROR:process_reader_win.cc(151)] SuspendThread: Access is denied. (0x5)
[0606/162322.835:ERROR:process_reader_win.cc(151)] SuspendThread: Access is denied. (0x5)
[0606/162322.835:ERROR:process_reader_win.cc(151)] SuspendThread: Access is denied. (0x5)
[0606/162322.835:ERROR:process_reader_win.cc(151)] SuspendThread: Access is denied. (0x5)
[0606/162322.835:ERROR:process_reader_win.cc(123)] NtOpenThread: {Access Denied} A process has requested access to an object, but has not been granted those access rights. (0xc0000022)
[0606/162322.835:ERROR:exception_snapshot_win.cc(98)] thread ID 11164 not found in process
[0606/162322.843:ERROR:process_reader_win.cc(151)] SuspendThread: Access is denied. (0x5)
[0606/162322.843:ERROR:process_reader_win.cc(151)] SuspendThread: Access is denied. (0x5)
[0606/162322.843:ERROR:process_reader_win.cc(151)] SuspendThread: Access is denied. (0x5)
[0606/162322.843:ERROR:process_reader_win.cc(151)] SuspendThread: Access is denied. (0x5)
[0606/162322.843:ERROR:process_reader_win.cc(123)] NtOpenThread: {Access Denied} A process has requested access to an object, but has not been granted those access rights. (0xc0000022)
[0606/162322.843:ERROR:exception_snapshot_win.cc(98)] thread ID 27472 not found in process
[0606/162322.868:ERROR:process_reader_win.cc(123)] NtOpenThread: {Access Denied} A process has requested access to an object, but has not been granted those access rights. (0xc0000022)
[0606/162322.868:ERROR:exception_snapshot_win.cc(98)] thread ID 11984 not found in process
[0606/175406.979:ERROR:process_reader_win.cc(123)] NtOpenThread: {Access Denied} A process has requested access to an object, but has not been granted those access rights. (0xc0000022)
[0606/175406.980:ERROR:exception_snapshot_win.cc(98)] thread ID 13692 not found in process
[0606/175406.991:ERROR:process_reader_win.cc(123)] NtOpenThread: {Access Denied} A process has requested access to an object, but has not been granted those access rights. (0xc0000022)
[0606/175406.991:ERROR:exception_snapshot_win.cc(98)] thread ID 5880 not found in process
[0606/175407.004:ERROR:process_reader_win.cc(123)] NtOpenThread: {Access Denied} A process has requested access to an object, but has not been granted those access rights. (0xc0000022)
[0606/175407.004:ERROR:exception_snapshot_win.cc(98)] thread ID 10760 not found in process
[0606/220930.634:ERROR:prune_crash_reports.cc(35)] PruneCrashReportDatabase: Failed to get pending reports
[0606/221813.206:ERROR:process_reader_win.cc(151)] SuspendThread: Access is denied. (0x5)
[0606/221813.207:ERROR:process_reader_win.cc(151)] SuspendThread: Access is denied. (0x5)
[0606/221813.207:ERROR:process_reader_win.cc(123)] NtOpenThread: {Access Denied} A process has requested access to an object, but has not been granted those access rights. (0xc0000022)
[0606/221813.208:ERROR:exception_snapshot_win.cc(98)] thread ID 33992 not found in process
[0606/221813.275:ERROR:process_reader_win.cc(151)] SuspendThread: Access is denied. (0x5)
[0606/221813.275:ERROR:process_reader_win.cc(151)] SuspendThread: Access is denied. (0x5)
[0606/221813.275:ERROR:process_reader_win.cc(151)] SuspendThread: Access is denied. (0x5)
[0606/221813.275:ERROR:process_reader_win.cc(151)] SuspendThread: Access is denied. (0x5)
[0606/221813.275:ERROR:process_reader_win.cc(123)] NtOpenThread: {Access Denied} A process has requested access to an object, but has not been granted those access rights. (0xc0000022)
[0606/221813.275:ERROR:exception_snapshot_win.cc(98)] thread ID 15988 not found in process
[0606/221813.305:ERROR:process_reader_win.cc(151)] SuspendThread: Access is denied. (0x5)
[0606/221813.306:ERROR:process_reader_win.cc(151)] SuspendThread: Access is denied. (0x5)
[0606/221813.306:ERROR:process_reader_win.cc(151)] SuspendThread: Access is denied. (0x5)
[0606/221813.306:ERROR:process_reader_win.cc(151)] SuspendThread: Access is denied. (0x5)
[0606/221813.306:ERROR:process_reader_win.cc(151)] SuspendThread: Access is denied. (0x5)
[0606/221813.306:ERROR:process_reader_win.cc(151)] SuspendThread: Access is denied. (0x5)
[0606/221813.306:ERROR:process_reader_win.cc(151)] SuspendThread: Access is denied. (0x5)
[0606/221813.306:ERROR:process_reader_win.cc(151)] SuspendThread: Access is denied. (0x5)
[0606/221813.306:ERROR:process_reader_win.cc(151)] SuspendThread: Access is denied. (0x5)
[0606/221813.306:ERROR:process_reader_win.cc(151)] SuspendThread: Access is denied. (0x5)
[0606/221813.306:ERROR:process_reader_win.cc(151)] SuspendThread: Access is denied. (0x5)
[0606/221813.306:ERROR:process_reader_win.cc(151)] SuspendThread: Access is denied. (0x5)
[0606/221813.306:ERROR:process_reader_win.cc(151)] SuspendThread: Access is denied. (0x5)
[0606/221813.307:ERROR:process_reader_win.cc(151)] SuspendThread: Access is denied. (0x5)
[0606/221813.307:ERROR:process_reader_win.cc(151)] SuspendThread: Access is denied. (0x5)
[0606/221813.307:ERROR:process_reader_win.cc(151)] SuspendThread: Access is denied. (0x5)
[0606/221813.307:ERROR:process_reader_win.cc(123)] NtOpenThread: {Access Denied} A process has requested access to an object, but has not been granted those access rights. (0xc0000022)
[0606/221813.307:ERROR:exception_snapshot_win.cc(98)] thread ID 32908 not found in process
[0606/221813.387:ERROR:process_reader_win.cc(151)] SuspendThread: Access is denied. (0x5)
[0606/221813.387:ERROR:process_reader_win.cc(151)] SuspendThread: Access is denied. (0x5)
[0606/221813.395:ERROR:process_reader_win.cc(151)] SuspendThread: Access is denied. (0x5)
[0606/221813.395:ERROR:process_reader_win.cc(151)] SuspendThread: Access is denied. (0x5)
[0606/221813.396:ERROR:process_reader_win.cc(123)] NtOpenThread: {Access Denied} A process has requested access to an object, but has not been granted those access rights. (0xc0000022)
[0606/221813.396:ERROR:exception_snapshot_win.cc(98)] thread ID 35684 not found in process
[0606/221813.481:ERROR:process_reader_win.cc(123)] NtOpenThread: {Access Denied} A process has requested access to an object, but has not been granted those access rights. (0xc0000022)
[0606/221813.482:ERROR:exception_snapshot_win.cc(98)] thread ID 27020 not found in process
[0606/221813.540:ERROR:process_reader_win.cc(123)] NtOpenThread: {Access Denied} A process has requested access to an object, but has not been granted those access rights. (0xc0000022)
[0606/221813.541:ERROR:exception_snapshot_win.cc(98)] thread ID 35284 not found in process
[0606/221813.570:ERROR:process_reader_win.cc(123)] NtOpenThread: {Access Denied} A process has requested access to an object, but has not been granted those access rights. (0xc0000022)
[0606/221813.571:ERROR:exception_snapshot_win.cc(98)] thread ID 28820 not found in process
[0606/221813.575:ERROR:process_reader_win.cc(151)] SuspendThread: Access is denied. (0x5)
[0606/221813.575:ERROR:process_reader_win.cc(151)] SuspendThread: Access is denied. (0x5)
[0606/221813.577:ERROR:process_reader_win.cc(151)] SuspendThread: Access is denied. (0x5)
[0606/221813.577:ERROR:process_reader_win.cc(123)] NtOpenThread: {Access Denied} A process has requested access to an object, but has not been granted those access rights. (0xc0000022)
[0606/221813.577:ERROR:exception_snapshot_win.cc(98)] thread ID 31276 not found in process
[0606/221813.709:ERROR:process_reader_win.cc(151)] SuspendThread: Access is denied. (0x5)
[0606/221813.710:ERROR:process_reader_win.cc(151)] SuspendThread: Access is denied. (0x5)
[0606/221813.710:ERROR:process_reader_win.cc(151)] SuspendThread: Access is denied. (0x5)
[0606/221813.711:ERROR:process_reader_win.cc(151)] SuspendThread: Access is denied. (0x5)
[0606/221813.711:ERROR:process_reader_win.cc(123)] NtOpenThread: {Access Denied} A process has requested access to an object, but has not been granted those access rights. (0xc0000022)
[0606/221813.711:ERROR:exception_snapshot_win.cc(98)] thread ID 30060 not found in process
[0606/221813.722:ERROR:process_reader_win.cc(151)] SuspendThread: Access is denied. (0x5)
[0606/221813.723:ERROR:process_reader_win.cc(151)] SuspendThread: Access is denied. (0x5)
[0606/221813.724:ERROR:process_reader_win.cc(151)] SuspendThread: Access is denied. (0x5)
[0606/221813.724:ERROR:process_reader_win.cc(151)] SuspendThread: Access is denied. (0x5)
[0606/221813.724:ERROR:process_reader_win.cc(123)] NtOpenThread: {Access Denied} A process has requested access to an object, but has not been granted those access rights. (0xc0000022)
[0606/221813.725:ERROR:exception_snapshot_win.cc(98)] thread ID 30820 not found in process
[0606/221813.759:ERROR:process_reader_win.cc(123)] NtOpenThread: {Access Denied} A process has requested access to an object, but has not been granted those access rights. (0xc0000022)
[0606/221813.759:ERROR:exception_snapshot_win.cc(98)] thread ID 10108 not found in process
[0606/221813.842:ERROR:process_reader_win.cc(123)] NtOpenThread: {Access Denied} A process has requested access to an object, but has not been granted those access rights. (0xc0000022)
[0606/221813.844:ERROR:exception_snapshot_win.cc(98)] thread ID 26908 not found in process
[0606/221813.842:ERROR:process_reader_win.cc(151)] SuspendThread: Access is denied. (0x5)
[0606/221813.904:ERROR:process_reader_win.cc(151)] SuspendThread: Access is denied. (0x5)
[0606/221813.904:ERROR:process_reader_win.cc(151)] SuspendThread: Access is denied. (0x5)
[0606/221813.904:ERROR:process_reader_win.cc(151)] SuspendThread: Access is denied. (0x5)
[0606/221813.904:ERROR:process_reader_win.cc(151)] SuspendThread: Access is denied. (0x5)
[0606/221813.904:ERROR:process_reader_win.cc(151)] SuspendThread: Access is denied. (0x5)
[0606/221813.904:ERROR:process_reader_win.cc(151)] SuspendThread: Access is denied. (0x5)
[0606/221813.904:ERROR:process_reader_win.cc(151)] SuspendThread: Access is denied. (0x5)
[0606/221813.904:ERROR:process_reader_win.cc(151)] SuspendThread: Access is denied. (0x5)
[0606/221813.904:ERROR:process_reader_win.cc(123)] NtOpenThread: {Access Denied} A process has requested access to an object, but has not been granted those access rights. (0xc0000022)
[0606/221813.904:ERROR:exception_snapshot_win.cc(98)] thread ID 31072 not found in process
[0606/230701.259:ERROR:process_reader_win.cc(151)] SuspendThread: Access is denied. (0x5)
[0606/230701.261:ERROR:process_reader_win.cc(123)] NtOpenThread: {Access Denied} A process has requested access to an object, but has not been granted those access rights. (0xc0000022)
[0606/230701.261:ERROR:exception_snapshot_win.cc(98)] thread ID 23316 not found in process
[0606/230701.300:ERROR:process_reader_win.cc(123)] NtOpenThread: {Access Denied} A process has requested access to an object, but has not been granted those access rights. (0xc0000022)
[0606/230701.300:ERROR:exception_snapshot_win.cc(98)] thread ID 34236 not found in process
[0606/230701.668:ERROR:process_reader_win.cc(151)] SuspendThread: Access is denied. (0x5)
[0606/230701.670:ERROR:process_reader_win.cc(151)] SuspendThread: Access is denied. (0x5)
[0606/230701.670:ERROR:process_reader_win.cc(151)] SuspendThread: Access is denied. (0x5)
[0606/230701.670:ERROR:process_reader_win.cc(151)] SuspendThread: Access is denied. (0x5)
[0606/230701.670:ERROR:process_reader_win.cc(123)] NtOpenThread: {Access Denied} A process has requested access to an object, but has not been granted those access rights. (0xc0000022)
[0606/230701.670:ERROR:exception_snapshot_win.cc(98)] thread ID 15060 not found in process
[0606/231613.743:ERROR:process_reader_win.cc(151)] SuspendThread: Access is denied. (0x5)
[0606/231613.744:ERROR:process_reader_win.cc(123)] NtOpenThread: {Access Denied} A process has requested access to an object, but has not been granted those access rights. (0xc0000022)
[0606/231613.745:ERROR:exception_snapshot_win.cc(98)] thread ID 13628 not found in process
[0606/231613.745:ERROR:process_reader_win.cc(151)] SuspendThread: Access is denied. (0x5)
[0606/231613.745:ERROR:process_reader_win.cc(151)] SuspendThread: Access is denied. (0x5)
[0606/231613.745:ERROR:process_reader_win.cc(151)] SuspendThread: Access is denied. (0x5)
[0606/231613.707:ERROR:process_reader_win.cc(123)] NtOpenThread: {Access Denied} A process has requested access to an object, but has not been granted those access rights. (0xc0000022)
[0606/231613.745:ERROR:process_reader_win.cc(151)] SuspendThread: Access is denied. (0x5)
[0606/231613.745:ERROR:exception_snapshot_win.cc(98)] thread ID 4924 not found in process
[0606/231613.745:ERROR:process_reader_win.cc(123)] NtOpenThread: {Access Denied} A process has requested access to an object, but has not been granted those access rights. (0xc0000022)
[0606/231613.745:ERROR:exception_snapshot_win.cc(98)] thread ID 30132 not found in process
[0606/231613.760:ERROR:process_reader_win.cc(151)] SuspendThread: Access is denied. (0x5)
[0606/231613.761:ERROR:process_reader_win.cc(151)] SuspendThread: Access is denied. (0x5)
[0606/231613.761:ERROR:process_reader_win.cc(151)] SuspendThread: Access is denied. (0x5)
[0606/231613.761:ERROR:process_reader_win.cc(151)] SuspendThread: Access is denied. (0x5)
[0606/231613.761:ERROR:process_reader_win.cc(123)] NtOpenThread: {Access Denied} A process has requested access to an object, but has not been granted those access rights. (0xc0000022)
[0606/231613.761:ERROR:exception_snapshot_win.cc(98)] thread ID 1160 not found in process
